2026-03-05 00:32:08:400 [AppiumDriver@6331] There are no active sessions for cleanup
2026-03-05 00:32:08:405 uncaughtException: write EPIPE
Error: write EPIPE
    at afterWriteDispatched (node:internal/stream_base_commons:161:15)
    at writeGeneric (node:internal/stream_base_commons:152:3)
    at Socket._writeGeneric (node:net:958:11)
    at Socket._write (node:net:970:8)
    at writeOrBuffer (node:internal/streams/writable:572:12)
    at _write (node:internal/streams/writable:501:10)
    at Socket.Writable.write (node:internal/streams/writable:510:10)
    at Log.write (/opt/hostedtoolcache/node/20.20.0/x64/lib/node_modules/appium/node_modules/@appium/logger/lib/log.ts:374:19)
    at Log.emitLog (/opt/hostedtoolcache/node/20.20.0/x64/lib/node_modules/appium/node_modules/@appium/logger/lib/log.ts:318:12)
    at Log.log (/opt/hostedtoolcache/node/20.20.0/x64/lib/node_modules/appium/node_modules/@appium/logger/lib/log.ts:266:10)
    at Log.info (/opt/hostedtoolcache/node/20.20.0/x64/lib/node_modules/appium/node_modules/@appium/logger/lib/log.ts:183:10)
    at Object.wrappedLogger.<computed> [as info] (/opt/hostedtoolcache/node/20.20.0/x64/lib/node_modules/appium/node_modules/@appium/support/lib/logging.js:106:24)
    at process.onSignal (/opt/hostedtoolcache/node/20.20.0/x64/lib/node_modules/appium/lib/main.js:419:14)
    at Object.onceWrapper (node:events:639:26)
    at process.emit (node:events:536:35)
2026-03-05 00:32:08:406 uncaughtException: write EPIPE
Error: write EPIPE
    at afterWriteDispatched (node:internal/stream_base_commons:161:15)
    at writeGeneric (node:internal/stream_base_commons:152:3)
    at Socket._writeGeneric (node:net:958:11)
    at Socket._write (node:net:970:8)
    at writeOrBuffer (node:internal/streams/writable:572:12)
    at _write (node:internal/streams/writable:501:10)
    at Socket.Writable.write (node:internal/streams/writable:510:10)
    at Console.log (/opt/hostedtoolcache/node/20.20.0/x64/lib/node_modules/appium/node_modules/winston/lib/winston/transports/console.js:79:23)
    at Console._write (/opt/hostedtoolcache/node/20.20.0/x64/lib/node_modules/appium/node_modules/winston-transport/modern.js:103:17)
    at doWrite (/opt/hostedtoolcache/node/20.20.0/x64/lib/node_modules/appium/node_modules/winston-transport/node_modules/readable-stream/lib/_stream_writable.js:390:139)
    at writeOrBuffer (/opt/hostedtoolcache/node/20.20.0/x64/lib/node_modules/appium/node_modules/winston-transport/node_modules/readable-stream/lib/_stream_writable.js:381:5)
    at Console.Writable.write (/opt/hostedtoolcache/node/20.20.0/x64/lib/node_modules/appium/node_modules/winston-transport/node_modules/readable-stream/lib/_stream_writable.js:302:11)
    at DerivedLogger.ondata (/opt/hostedtoolcache/node/20.20.0/x64/lib/node_modules/appium/node_modules/winston/node_modules/readable-stream/lib/_stream_readable.js:629:20)
    at DerivedLogger.emit (node:events:536:35)
    at addChunk (/opt/hostedtoolcache/node/20.20.0/x64/lib/node_modules/appium/node_modules/winston/node_modules/readable-stream/lib/_stream_readable.js:279:12)
    at readableAddChunk (/opt/hostedtoolcache/node/20.20.0/x64/lib/node_modules/appium/node_modules/winston/node_modules/readable-stream/lib/_stream_readable.js:262:11)
    at DerivedLogger.Readable.push (/opt/hostedtoolcache/node/20.20.0/x64/lib/node_modules/appium/node_modules/winston/node_modules/readable-stream/lib/_stream_readable.js:228:10)
    at DerivedLogger.Transform.push (/opt/hostedtoolcache/node/20.20.0/x64/lib/node_modules/appium/node_modules/winston/node_modules/readable-stream/lib/_stream_transform.js:132:32)
    at DerivedLogger._transform (/opt/hostedtoolcache/node/20.20.0/x64/lib/node_modules/appium/node_modules/winston/lib/winston/logger.js:313:12)
    at DerivedLogger.Transform._read (/opt/hostedtoolcache/node/20.20.0/x64/lib/node_modules/appium/node_modules/winston/node_modules/readable-stream/lib/_stream_transform.js:166:10)
    at DerivedLogger.Transform._write (/opt/hostedtoolcache/node/20.20.0/x64/lib/node_modules/appium/node_modules/winston/node_modules/readable-stream/lib/_stream_transform.js:155:83)
    at doWrite (/opt/hostedtoolcache/node/20.20.0/x64/lib/node_modules/appium/node_modules/winston/node_modules/readable-stream/lib/_stream_writable.js:390:139)
2026-03-05 00:32:08:408 uncaughtException: write EPIPE
Error: write EPIPE
    at afterWriteDispatched (node:internal/stream_base_commons:161:15)
    at writeGeneric (node:internal/stream_base_commons:152:3)
    at Socket._writeGeneric (node:net:958:11)
    at Socket._write (node:net:970:8)
    at writeOrBuffer (node:internal/streams/writable:572:12)
    at _write (node:internal/streams/writable:501:10)
    at Socket.Writable.write (node:internal/streams/writable:510:10)
    at Console.log (/opt/hostedtoolcache/node/20.20.0/x64/lib/node_modules/appium/node_modules/winston/lib/winston/transports/console.js:51:25)
    at Console._write (/opt/hostedtoolcache/node/20.20.0/x64/lib/node_modules/appium/node_modules/winston-transport/modern.js:103:17)
    at doWrite (/opt/hostedtoolcache/node/20.20.0/x64/lib/node_modules/appium/node_modules/winston-transport/node_modules/readable-stream/lib/_stream_writable.js:390:139)
    at writeOrBuffer (/opt/hostedtoolcache/node/20.20.0/x64/lib/node_modules/appium/node_modules/winston-transport/node_modules/readable-stream/lib/_stream_writable.js:381:5)
    at Console.Writable.write (/opt/hostedtoolcache/node/20.20.0/x64/lib/node_modules/appium/node_modules/winston-transport/node_modules/readable-stream/lib/_stream_writable.js:302:11)
    at DerivedLogger.ondata (/opt/hostedtoolcache/node/20.20.0/x64/lib/node_modules/appium/node_modules/winston/node_modules/readable-stream/lib/_stream_readable.js:629:20)
    at DerivedLogger.emit (node:events:536:35)
    at addChunk (/opt/hostedtoolcache/node/20.20.0/x64/lib/node_modules/appium/node_modules/winston/node_modules/readable-stream/lib/_stream_readable.js:279:12)
    at readableAddChunk (/opt/hostedtoolcache/node/20.20.0/x64/lib/node_modules/appium/node_modules/winston/node_modules/readable-stream/lib/_stream_readable.js:262:11)
    at DerivedLogger.Readable.push (/opt/hostedtoolcache/node/20.20.0/x64/lib/node_modules/appium/node_modules/winston/node_modules/readable-stream/lib/_stream_readable.js:228:10)
    at DerivedLogger.Transform.push (/opt/hostedtoolcache/node/20.20.0/x64/lib/node_modules/appium/node_modules/winston/node_modules/readable-stream/lib/_stream_transform.js:132:32)
    at DerivedLogger._transform (/opt/hostedtoolcache/node/20.20.0/x64/lib/node_modules/appium/node_modules/winston/lib/winston/logger.js:313:12)
    at DerivedLogger.Transform._read (/opt/hostedtoolcache/node/20.20.0/x64/lib/node_modules/appium/node_modules/winston/node_modules/readable-stream/lib/_stream_transform.js:166:10)
    at DerivedLogger.Transform._write (/opt/hostedtoolcache/node/20.20.0/x64/lib/node_modules/appium/node_modules/winston/node_modules/readable-stream/lib/_stream_transform.js:155:83)
    at doWrite (/opt/hostedtoolcache/node/20.20.0/x64/lib/node_modules/appium/node_modules/winston/node_modules/readable-stream/lib/_stream_writable.js:390:139)
2026-03-05 00:32:08:409 uncaughtException: write EPIPE
Error: write EPIPE
    at afterWriteDispatched (node:internal/stream_base_commons:161:15)
    at writeGeneric (node:internal/stream_base_commons:152:3)
    at Socket._writeGeneric (node:net:958:11)
    at Socket._write (node:net:970:8)
    at writeOrBuffer (node:internal/streams/writable:572:12)
    at _write (node:internal/streams/writable:501:10)
    at Socket.Writable.write (node:internal/streams/writable:510:10)
    at Console.log (/opt/hostedtoolcache/node/20.20.0/x64/lib/node_modules/appium/node_modules/winston/lib/winston/transports/console.js:51:25)
    at Console._write (/opt/hostedtoolcache/node/20.20.0/x64/lib/node_modules/appium/node_modules/winston-transport/modern.js:103:17)
    at doWrite (/opt/hostedtoolcache/node/20.20.0/x64/lib/node_modules/appium/node_modules/winston-transport/node_modules/readable-stream/lib/_stream_writable.js:390:139)
    at writeOrBuffer (/opt/hostedtoolcache/node/20.20.0/x64/lib/node_modules/appium/node_modules/winston-transport/node_modules/readable-stream/lib/_stream_writable.js:381:5)
    at Console.Writable.write (/opt/hostedtoolcache/node/20.20.0/x64/lib/node_modules/appium/node_modules/winston-transport/node_modules/readable-stream/lib/_stream_writable.js:302:11)
    at DerivedLogger.ondata (/opt/hostedtoolcache/node/20.20.0/x64/lib/node_modules/appium/node_modules/winston/node_modules/readable-stream/lib/_stream_readable.js:629:20)
    at DerivedLogger.emit (node:events:536:35)
    at addChunk (/opt/hostedtoolcache/node/20.20.0/x64/lib/node_modules/appium/node_modules/winston/node_modules/readable-stream/lib/_stream_readable.js:279:12)
    at readableAddChunk (/opt/hostedtoolcache/node/20.20.0/x64/lib/node_modules/appium/node_modules/winston/node_modules/readable-stream/lib/_stream_readable.js:262:11)
    at DerivedLogger.Readable.push (/opt/hostedtoolcache/node/20.20.0/x64/lib/node_modules/appium/node_modules/winston/node_modules/readable-stream/lib/_stream_readable.js:228:10)
    at DerivedLogger.Transform.push (/opt/hostedtoolcache/node/20.20.0/x64/lib/node_modules/appium/node_modules/winston/node_modules/readable-stream/lib/_stream_transform.js:132:32)
    at DerivedLogger._transform (/opt/hostedtoolcache/node/20.20.0/x64/lib/node_modules/appium/node_modules/winston/lib/winston/logger.js:313:12)
    at DerivedLogger.Transform._read (/opt/hostedtoolcache/node/20.20.0/x64/lib/node_modules/appium/node_modules/winston/node_modules/readable-stream/lib/_stream_transform.js:166:10)
    at DerivedLogger.Transform._write (/opt/hostedtoolcache/node/20.20.0/x64/lib/node_modules/appium/node_modules/winston/node_modules/readable-stream/lib/_stream_transform.js:155:83)
    at doWrite (/opt/hostedtoolcache/node/20.20.0/x64/lib/node_modules/appium/node_modules/winston/node_modules/readable-stream/lib/_stream_writable.js:390:139)
