2026-03-04 21:29:56.530 [main] INFO  com.automation.config.ConfigLoader — ╔══════════════════════════════════════════╗
║         Configuração carregada           ║
╠══════════════════════════════════════════╣
║  Platform   : Android
║  Device     : emulator-5554
║  Appium URL : http://127.0.0.1:4723
╚══════════════════════════════════════════╝

2026-03-04 21:29:56.533 [main] INFO  c.automation.utils.ScreenshotUtils — Diretório de screenshots: /home/runner/work/outsera-automacao-testes-mobile/outsera-automacao-testes-mobile/reports/screenshots
2026-03-04 21:29:56.534 [main] INFO  com.automation.hooks.Hooks — ╔══════════════════════════════════════════════════════╗
║       📱 Mobile Automation — Suite Iniciada          ║
╚══════════════════════════════════════════════════════╝

2026-03-04 21:29:56.769 [main] INFO  com.automation.hooks.Hooks — ┌──────────────────────────────────────────────────────
│ ▶ Iniciando: Checkout completo com dados válidos
│   Tags: [@checkout, @regression, @smoke]
└──────────────────────────────────────────────────────

2026-03-04 21:29:56.769 [main] INFO  c.automation.drivers.DriverManager — Inicializando driver | plataforma=android | device=emulator-5554
2026-03-04 21:30:13.223 [main] INFO  c.automation.drivers.DriverManager — Driver iniciado com sucesso. Session ID: 2889ce92-edeb-484d-9d6c-d64898777ed2
2026-03-04 21:30:14.050 [main] INFO  com.automation.pages.LoginPage — Preenchendo username: standard_user
2026-03-04 21:30:14.051 [main] DEBUG com.automation.pages.LoginPage — Fill → 'standard_user'
2026-03-04 21:30:15.928 [main] INFO  com.automation.pages.LoginPage — Preenchendo password
2026-03-04 21:30:15.929 [main] DEBUG com.automation.pages.LoginPage — Fill → 'secret_sauce'
2026-03-04 21:30:17.077 [main] INFO  com.automation.pages.LoginPage — Tocando em LOGIN
2026-03-04 21:30:17.077 [main] DEBUG com.automation.pages.LoginPage — Tap → elemento
2026-03-04 21:30:19.851 [main] INFO  com.automation.pages.ProductsPage — Tocando no primeiro produto
2026-03-04 21:30:20.312 [main] DEBUG com.automation.pages.ProductsPage — Tap → elemento
2026-03-04 21:30:20.639 [main] INFO  c.automation.pages.ProductDetailPage — Adicionando ao carrinho
2026-03-04 21:30:30.725 [main] DEBUG c.automation.pages.ProductDetailPage — Realizando scroll para baixo
2026-03-04 21:30:33.196 [main] DEBUG c.automation.pages.ProductDetailPage — Tap → elemento
2026-03-04 21:30:33.420 [main] INFO  c.automation.pages.ProductDetailPage — Voltando para produtos
2026-03-04 21:30:33.420 [main] DEBUG c.automation.pages.ProductDetailPage — Tap → elemento
2026-03-04 21:30:34.656 [main] INFO  com.automation.pages.ProductsPage — Abrindo carrinho
2026-03-04 21:30:34.656 [main] DEBUG com.automation.pages.ProductsPage — Tap → elemento
2026-03-04 21:30:56.389 [main] INFO  com.automation.hooks.Hooks — ◀ Finalizando: Checkout completo com dados válidos — Status: FAILED
2026-03-04 21:30:56.390 [main] WARN  com.automation.hooks.Hooks — ⚠ Cenário FALHOU — capturando screenshot como evidência
2026-03-04 21:30:57.231 [main] INFO  c.automation.utils.ScreenshotUtils — Screenshot salvo: /home/runner/work/outsera-automacao-testes-mobile/outsera-automacao-testes-mobile/reports/screenshots/Checkout_completo_com_dados_v_lidos_20260304_213057.png
2026-03-04 21:30:57.753 [main] INFO  c.automation.drivers.DriverManager — Driver encerrado.
2026-03-04 21:30:57.805 [main] INFO  com.automation.hooks.Hooks — ┌──────────────────────────────────────────────────────
│ ▶ Iniciando: Login com credenciais válidas
│   Tags: [@login, @smoke, @regression]
└──────────────────────────────────────────────────────

2026-03-04 21:30:57.816 [main] INFO  c.automation.drivers.DriverManager — Inicializando driver | plataforma=android | device=emulator-5554
2026-03-04 21:31:03.138 [main] INFO  c.automation.drivers.DriverManager — Driver iniciado com sucesso. Session ID: 25b5e62c-a29b-433b-adc9-70220978d863
2026-03-04 21:31:04.323 [main] INFO  com.automation.pages.LoginPage — Preenchendo username: standard_user
2026-03-04 21:31:04.324 [main] DEBUG com.automation.pages.LoginPage — Fill → 'standard_user'
2026-03-04 21:31:05.466 [main] INFO  com.automation.pages.LoginPage — Preenchendo password
2026-03-04 21:31:05.466 [main] DEBUG com.automation.pages.LoginPage — Fill → 'secret_sauce'
2026-03-04 21:31:07.029 [main] INFO  com.automation.pages.LoginPage — Tocando em LOGIN
2026-03-04 21:31:07.029 [main] DEBUG com.automation.pages.LoginPage — Tap → elemento
2026-03-04 21:31:09.316 [main] INFO  com.automation.hooks.Hooks — ◀ Finalizando: Login com credenciais válidas — Status: PASSED
2026-03-04 21:31:09.541 [main] INFO  c.automation.drivers.DriverManager — Driver encerrado.
2026-03-04 21:31:09.571 [main] INFO  com.automation.hooks.Hooks — ┌──────────────────────────────────────────────────────
│ ▶ Iniciando: Logout após login bem-sucedido
│   Tags: [@login, @smoke, @regression]
└──────────────────────────────────────────────────────

2026-03-04 21:31:09.581 [main] INFO  c.automation.drivers.DriverManager — Inicializando driver | plataforma=android | device=emulator-5554
2026-03-04 21:31:14.971 [main] INFO  c.automation.drivers.DriverManager — Driver iniciado com sucesso. Session ID: 787d9c16-bd5c-440b-8fe5-c81be530d05d
2026-03-04 21:31:16.485 [main] INFO  com.automation.pages.LoginPage — Preenchendo username: standard_user
2026-03-04 21:31:16.485 [main] DEBUG com.automation.pages.LoginPage — Fill → 'standard_user'
2026-03-04 21:31:17.479 [main] INFO  com.automation.pages.LoginPage — Preenchendo password
2026-03-04 21:31:17.480 [main] DEBUG com.automation.pages.LoginPage — Fill → 'secret_sauce'
2026-03-04 21:31:18.550 [main] INFO  com.automation.pages.LoginPage — Tocando em LOGIN
2026-03-04 21:31:18.550 [main] DEBUG com.automation.pages.LoginPage — Tap → elemento
2026-03-04 21:31:20.714 [main] INFO  com.automation.pages.ProductsPage — Realizando logout
2026-03-04 21:31:20.714 [main] DEBUG com.automation.pages.ProductsPage — Tap → elemento
2026-03-04 21:31:20.835 [main] DEBUG com.automation.pages.ProductsPage — Tap → elemento
2026-03-04 21:31:24.425 [main] INFO  com.automation.hooks.Hooks — ◀ Finalizando: Logout após login bem-sucedido — Status: PASSED
2026-03-04 21:31:24.629 [main] INFO  c.automation.drivers.DriverManager — Driver encerrado.
2026-03-04 21:31:24.654 [main] INFO  com.automation.hooks.Hooks — ┌──────────────────────────────────────────────────────
│ ▶ Iniciando: Navegar para detalhe do produto e validar elementos
│   Tags: [@navigation, @regression, @smoke]
└──────────────────────────────────────────────────────

2026-03-04 21:31:24.654 [main] INFO  c.automation.drivers.DriverManager — Inicializando driver | plataforma=android | device=emulator-5554
2026-03-04 21:31:29.743 [main] INFO  c.automation.drivers.DriverManager — Driver iniciado com sucesso. Session ID: 836734d6-e6a8-4d89-8f3d-2e7e8984d26d
2026-03-04 21:31:29.812 [main] INFO  com.automation.pages.LoginPage — Preenchendo username: standard_user
2026-03-04 21:31:29.813 [main] DEBUG com.automation.pages.LoginPage — Fill → 'standard_user'
2026-03-04 21:31:31.319 [main] INFO  com.automation.pages.LoginPage — Preenchendo password
2026-03-04 21:31:31.319 [main] DEBUG com.automation.pages.LoginPage — Fill → 'secret_sauce'
2026-03-04 21:31:33.055 [main] INFO  com.automation.pages.LoginPage — Tocando em LOGIN
2026-03-04 21:31:33.055 [main] DEBUG com.automation.pages.LoginPage — Tap → elemento
2026-03-04 21:31:35.178 [main] INFO  com.automation.pages.ProductsPage — Tocando no primeiro produto
2026-03-04 21:31:35.227 [main] DEBUG com.automation.pages.ProductsPage — Tap → elemento
2026-03-04 21:31:46.542 [main] DEBUG c.automation.pages.ProductDetailPage — Realizando scroll para baixo
2026-03-04 21:31:48.442 [main] INFO  com.automation.hooks.Hooks — ◀ Finalizando: Navegar para detalhe do produto e validar elementos — Status: PASSED
2026-03-04 21:31:48.686 [main] INFO  c.automation.drivers.DriverManager — Driver encerrado.
2026-03-04 21:31:48.688 [main] INFO  com.automation.hooks.Hooks — ╔══════════════════════════════════════════════════════╗
║       ✅ Mobile Automation — Suite Finalizada        ║
║       Relatórios disponíveis em: reports/            ║
╚══════════════════════════════════════════════════════╝

2026-03-04 21:31:49.310 [main] INFO  c.automation.utils.ScreenshotUtils — Diretório de screenshots: /home/runner/work/outsera-automacao-testes-mobile/outsera-automacao-testes-mobile/reports/screenshots
2026-03-04 21:31:49.310 [main] INFO  com.automation.hooks.Hooks — ╔══════════════════════════════════════════════════════╗
║       📱 Mobile Automation — Suite Iniciada          ║
╚══════════════════════════════════════════════════════╝

2026-03-04 21:31:49.329 [main] INFO  com.automation.hooks.Hooks — ┌──────────────────────────────────────────────────────
│ ▶ Iniciando: Checkout completo com dados válidos
│   Tags: [@checkout, @regression, @smoke]
└──────────────────────────────────────────────────────

2026-03-04 21:31:49.330 [main] INFO  c.automation.drivers.DriverManager — Inicializando driver | plataforma=android | device=emulator-5554
2026-03-04 21:31:54.034 [main] INFO  c.automation.drivers.DriverManager — Driver iniciado com sucesso. Session ID: 936e8f89-6b01-44ea-835d-97c23d07d2f8
2026-03-04 21:31:54.109 [main] INFO  com.automation.pages.LoginPage — Preenchendo username: standard_user
2026-03-04 21:31:54.110 [main] DEBUG com.automation.pages.LoginPage — Fill → 'standard_user'
2026-03-04 21:31:55.525 [main] INFO  com.automation.pages.LoginPage — Preenchendo password
2026-03-04 21:31:55.525 [main] DEBUG com.automation.pages.LoginPage — Fill → 'secret_sauce'
2026-03-04 21:31:57.303 [main] INFO  com.automation.pages.LoginPage — Tocando em LOGIN
2026-03-04 21:31:57.303 [main] DEBUG com.automation.pages.LoginPage — Tap → elemento
2026-03-04 21:31:59.406 [main] INFO  com.automation.pages.ProductsPage — Tocando no primeiro produto
2026-03-04 21:31:59.484 [main] DEBUG com.automation.pages.ProductsPage — Tap → elemento
2026-03-04 21:31:59.791 [main] INFO  c.automation.pages.ProductDetailPage — Adicionando ao carrinho
2026-03-04 21:32:09.820 [main] DEBUG c.automation.pages.ProductDetailPage — Realizando scroll para baixo
2026-03-04 21:32:12.036 [main] DEBUG c.automation.pages.ProductDetailPage — Tap → elemento
2026-03-04 21:32:12.165 [main] INFO  c.automation.pages.ProductDetailPage — Voltando para produtos
2026-03-04 21:32:12.165 [main] DEBUG c.automation.pages.ProductDetailPage — Tap → elemento
2026-03-04 21:32:13.004 [main] INFO  com.automation.pages.ProductsPage — Abrindo carrinho
2026-03-04 21:32:13.005 [main] DEBUG com.automation.pages.ProductsPage — Tap → elemento
2026-03-04 21:32:34.422 [main] INFO  com.automation.hooks.Hooks — ◀ Finalizando: Checkout completo com dados válidos — Status: FAILED
2026-03-04 21:32:34.422 [main] WARN  com.automation.hooks.Hooks — ⚠ Cenário FALHOU — capturando screenshot como evidência
2026-03-04 21:32:35.044 [main] INFO  c.automation.utils.ScreenshotUtils — Screenshot salvo: /home/runner/work/outsera-automacao-testes-mobile/outsera-automacao-testes-mobile/reports/screenshots/Checkout_completo_com_dados_v_lidos_20260304_213235.png
2026-03-04 21:32:35.202 [main] INFO  c.automation.drivers.DriverManager — Driver encerrado.
2026-03-04 21:32:35.232 [main] INFO  com.automation.hooks.Hooks — ┌──────────────────────────────────────────────────────
│ ▶ Iniciando: Login com credenciais válidas
│   Tags: [@login, @smoke, @regression]
└──────────────────────────────────────────────────────

2026-03-04 21:32:35.232 [main] INFO  c.automation.drivers.DriverManager — Inicializando driver | plataforma=android | device=emulator-5554
2026-03-04 21:32:40.147 [main] INFO  c.automation.drivers.DriverManager — Driver iniciado com sucesso. Session ID: b972ca0e-bbf2-40c1-bda7-72347a49b880
2026-03-04 21:32:41.222 [main] INFO  com.automation.pages.LoginPage — Preenchendo username: standard_user
2026-03-04 21:32:41.222 [main] DEBUG com.automation.pages.LoginPage — Fill → 'standard_user'
2026-03-04 21:32:41.807 [main] INFO  com.automation.pages.LoginPage — Preenchendo password
2026-03-04 21:32:41.807 [main] DEBUG com.automation.pages.LoginPage — Fill → 'secret_sauce'
2026-03-04 21:32:43.427 [main] INFO  com.automation.pages.LoginPage — Tocando em LOGIN
2026-03-04 21:32:43.427 [main] DEBUG com.automation.pages.LoginPage — Tap → elemento
2026-03-04 21:32:45.663 [main] INFO  com.automation.hooks.Hooks — ◀ Finalizando: Login com credenciais válidas — Status: PASSED
2026-03-04 21:32:45.953 [main] INFO  c.automation.drivers.DriverManager — Driver encerrado.
2026-03-04 21:32:45.968 [main] INFO  com.automation.hooks.Hooks — ┌──────────────────────────────────────────────────────
│ ▶ Iniciando: Logout após login bem-sucedido
│   Tags: [@login, @smoke, @regression]
└──────────────────────────────────────────────────────

2026-03-04 21:32:45.968 [main] INFO  c.automation.drivers.DriverManager — Inicializando driver | plataforma=android | device=emulator-5554
2026-03-04 21:32:50.760 [main] INFO  c.automation.drivers.DriverManager — Driver iniciado com sucesso. Session ID: 6d400fcb-cb66-4ffe-954f-c67013aea30f
2026-03-04 21:32:51.738 [main] INFO  com.automation.pages.LoginPage — Preenchendo username: standard_user
2026-03-04 21:32:51.739 [main] DEBUG com.automation.pages.LoginPage — Fill → 'standard_user'
2026-03-04 21:32:52.923 [main] INFO  com.automation.pages.LoginPage — Preenchendo password
2026-03-04 21:32:52.923 [main] DEBUG com.automation.pages.LoginPage — Fill → 'secret_sauce'
2026-03-04 21:32:54.464 [main] INFO  com.automation.pages.LoginPage — Tocando em LOGIN
2026-03-04 21:32:54.464 [main] DEBUG com.automation.pages.LoginPage — Tap → elemento
2026-03-04 21:32:56.516 [main] INFO  com.automation.pages.ProductsPage — Realizando logout
2026-03-04 21:32:56.516 [main] DEBUG com.automation.pages.ProductsPage — Tap → elemento
2026-03-04 21:32:56.637 [main] DEBUG com.automation.pages.ProductsPage — Tap → elemento
2026-03-04 21:33:00.162 [main] INFO  com.automation.hooks.Hooks — ◀ Finalizando: Logout após login bem-sucedido — Status: PASSED
2026-03-04 21:33:00.484 [main] INFO  c.automation.drivers.DriverManager — Driver encerrado.
2026-03-04 21:33:00.506 [main] INFO  com.automation.hooks.Hooks — ┌──────────────────────────────────────────────────────
│ ▶ Iniciando: Navegar para detalhe do produto e validar elementos
│   Tags: [@navigation, @regression, @smoke]
└──────────────────────────────────────────────────────

2026-03-04 21:33:00.506 [main] INFO  c.automation.drivers.DriverManager — Inicializando driver | plataforma=android | device=emulator-5554
2026-03-04 21:33:05.164 [main] INFO  c.automation.drivers.DriverManager — Driver iniciado com sucesso. Session ID: 36d66bf5-1eaa-40bf-b8e0-f5ba8dedc872
2026-03-04 21:33:05.207 [main] INFO  com.automation.pages.LoginPage — Preenchendo username: standard_user
2026-03-04 21:33:05.207 [main] DEBUG com.automation.pages.LoginPage — Fill → 'standard_user'
2026-03-04 21:33:06.789 [main] INFO  com.automation.pages.LoginPage — Preenchendo password
2026-03-04 21:33:06.789 [main] DEBUG com.automation.pages.LoginPage — Fill → 'secret_sauce'
2026-03-04 21:33:08.475 [main] INFO  com.automation.pages.LoginPage — Tocando em LOGIN
2026-03-04 21:33:08.475 [main] DEBUG com.automation.pages.LoginPage — Tap → elemento
2026-03-04 21:33:10.531 [main] INFO  com.automation.pages.ProductsPage — Tocando no primeiro produto
2026-03-04 21:33:10.586 [main] DEBUG com.automation.pages.ProductsPage — Tap → elemento
2026-03-04 21:33:21.907 [main] DEBUG c.automation.pages.ProductDetailPage — Realizando scroll para baixo
2026-03-04 21:33:24.373 [main] INFO  com.automation.hooks.Hooks — ◀ Finalizando: Navegar para detalhe do produto e validar elementos — Status: PASSED
2026-03-04 21:33:24.618 [main] INFO  c.automation.drivers.DriverManager — Driver encerrado.
2026-03-04 21:33:24.622 [main] INFO  com.automation.hooks.Hooks — ╔══════════════════════════════════════════════════════╗
║       ✅ Mobile Automation — Suite Finalizada        ║
║       Relatórios disponíveis em: reports/            ║
╚══════════════════════════════════════════════════════╝

